2026-01-30 17:59:44 | CREATED | image=C:/Users/puraj/OneDrive/\uc0ac\uc9c4/Screenshots/Screenshot (1).png | password=yes | expires_in=120s
2026-01-30 17:59:52 | SAVED | secure_file=C:/Users/puraj/OneDrive/\uc0ac\uc9c4/Screenshots/push.skr
2026-01-30 18:00:00 | OPEN_ATTEMPT | file=C:/Users/puraj/OneDrive/\uc0ac\uc9c4/Screenshots/push.skr
2026-01-30 18:00:04 | OPENED | status=success (password ok)
2026-01-30 18:09:09 | OPEN_ATTEMPT | file=C:/Users/puraj/OneDrive/\uc0ac\uc9c4/Screenshots/push.skr
2026-01-30 18:09:09 | EXPIRED | file time exceeded, corrupting image
2026-01-30 18:09:09 | EXPIRED | image corrupted and saved
2026-01-30 18:15:20 | CREATED | image=C:/Users/puraj/OneDrive/\uc0ac\uc9c4/Screenshots/Screenshot (2).png | password=no | expires_in=120s
2026-01-30 18:15:24 | SAVED | secure_file=C:/Users/puraj/OneDrive/\uc0ac\uc9c4/Screenshots/ee
2026-01-30 18:18:29 | CREATED | image=C:/Users/puraj/OneDrive/\uc0ac\uc9c4/Screenshots/Screenshot 2025-11-08 131227.png | password=no | expires_in=600s
2026-01-30 18:18:42 | SAVED | secure_file=C:/Users/puraj/OneDrive/\uc0ac\uc9c4/Screenshots/k
2026-01-30 18:20:35 | CREATED | image=C:/Users/puraj/OneDrive/\uc0ac\uc9c4/Screenshots/Screenshot (1).png | password=yes | expires_in=50000s
2026-01-30 18:20:43 | CREATED | image=C:/Users/puraj/OneDrive/\uc0ac\uc9c4/Screenshots/Screenshot (1).png | password=yes | expires_in=50000s
2026-01-30 18:20:47 | SAVED | secure_file=C:/Users/puraj/OneDrive/\uc0ac\uc9c4/Screenshots/push1
2026-01-30 18:21:13 | CREATED | image=C:/Users/puraj/OneDrive/\uc0ac\uc9c4/Screenshots/Screenshot (1).png | password=yes | expires_in=50000s
2026-01-30 18:21:48 | CREATED | image=C:/Users/puraj/OneDrive/\uc0ac\uc9c4/Screenshots/Screenshot (2).png | password=yes | expires_in=10000s
2026-01-30 18:21:55 | SAVED | secure_file=C:/Users/puraj/OneDrive/\uc0ac\uc9c4/Screenshots/inf.skr
2026-01-30 18:22:01 | OPEN_ATTEMPT | file=C:/Users/puraj/OneDrive/\uc0ac\uc9c4/Screenshots/inf.skr
2026-01-30 18:22:06 | OPENED | status=success (password ok)
2026-01-30 18:22:29 | OPEN_ATTEMPT | file=C:/Users/puraj/OneDrive/\uc0ac\uc9c4/Screenshots/inf.skr
2026-01-30 18:22:33 | OPENED | status=success (password ok)
2026-01-30 18:24:37 | CREATED | image=C:/Users/puraj/OneDrive/\uc0ac\uc9c4/Screenshots/Screenshot (2).png | password=no | expires_in=1233s
2026-01-30 18:24:44 | SAVED | secure_file=C:/Users/puraj/OneDrive/\uc0ac\uc9c4/Screenshots/1233.skr
2026-01-30 18:41:00 | CREATED | image=C:/Users/puraj/OneDrive/\uc0ac\uc9c4/Screenshots/Screenshot (1).png | password=no | expires_in=1200s
2026-01-30 18:41:03 | SAVED | secure_file=C:/Users/puraj/OneDrive/\uc0ac\uc9c4/Screenshots/sed
2026-01-30 18:42:44 | OPEN_ATTEMPT | file=C:/Users/puraj/OneDrive/\uc0ac\uc9c4/Screenshots/sed.skr
2026-01-30 18:42:44 | OPENED | status=success (no password)
